<component name="libraryTable">
  <library name="junit" type="repository">
    <properties maven-id="junit:junit:4.3.1" />
    <CLASSES>
      <root url="jar://$MAVEN_REPOSITORY$/junit/junit/4.3.1/junit-4.3.1.jar!/" />
    </CLASSES>
    <JAVADOC />
    <SOURCES />
  </library>
</component>